[2022-07-27 12:11:53,811] {taskinstance.py:1159} INFO - Dependencies all met for <TaskInstance: first_sample_dag.print_hello_world manual__2022-07-27T12:11:51.790861+00:00 [queued]>
[2022-07-27 12:11:53,824] {taskinstance.py:1159} INFO - Dependencies all met for <TaskInstance: first_sample_dag.print_hello_world manual__2022-07-27T12:11:51.790861+00:00 [queued]>
[2022-07-27 12:11:53,824] {taskinstance.py:1356} INFO - 
--------------------------------------------------------------------------------
[2022-07-27 12:11:53,825] {taskinstance.py:1357} INFO - Starting attempt 1 of 1
[2022-07-27 12:11:53,826] {taskinstance.py:1358} INFO - 
--------------------------------------------------------------------------------
[2022-07-27 12:11:53,868] {taskinstance.py:1377} INFO - Executing <Task(BashOperator): print_hello_world> on 2022-07-27 12:11:51.790861+00:00
[2022-07-27 12:11:53,872] {standard_task_runner.py:52} INFO - Started process 206 to run task
[2022-07-27 12:11:53,875] {standard_task_runner.py:79} INFO - Running: ['***', 'tasks', 'run', 'first_sample_dag', 'print_hello_world', 'manual__2022-07-27T12:11:51.790861+00:00', '--job-id', '2', '--raw', '--subdir', 'DAGS_FOLDER/sampledag.py', '--cfg-path', '/tmp/tmp53_u3lph', '--error-file', '/tmp/tmpakjy1g3e']
[2022-07-27 12:11:53,877] {standard_task_runner.py:80} INFO - Job 2: Subtask print_hello_world
[2022-07-27 12:11:53,961] {task_command.py:369} INFO - Running <TaskInstance: first_sample_dag.print_hello_world manual__2022-07-27T12:11:51.790861+00:00 [running]> on host 5c69118d77df
[2022-07-27 12:11:54,244] {taskinstance.py:1571} INFO - Exporting the following env vars:
AIRFLOW_CTX_DAG_OWNER=***
AIRFLOW_CTX_DAG_ID=first_sample_dag
AIRFLOW_CTX_TASK_ID=print_hello_world
AIRFLOW_CTX_EXECUTION_DATE=2022-07-27T12:11:51.790861+00:00
AIRFLOW_CTX_TRY_NUMBER=1
AIRFLOW_CTX_DAG_RUN_ID=manual__2022-07-27T12:11:51.790861+00:00
[2022-07-27 12:11:54,247] {subprocess.py:62} INFO - Tmp dir root location: 
 /tmp
[2022-07-27 12:11:54,248] {subprocess.py:74} INFO - Running command: ['bash', '-c', 'echo "HelloWorld!"']
[2022-07-27 12:11:54,257] {subprocess.py:85} INFO - Output:
[2022-07-27 12:11:54,258] {subprocess.py:92} INFO - HelloWorld!
[2022-07-27 12:11:54,259] {subprocess.py:96} INFO - Command exited with return code 0
[2022-07-27 12:11:54,427] {taskinstance.py:1400} INFO - Marking task as SUCCESS. dag_id=first_sample_dag, task_id=print_hello_world, execution_date=20220727T121151, start_date=20220727T121153, end_date=20220727T121154
[2022-07-27 12:11:54,490] {local_task_job.py:156} INFO - Task exited with return code 0
[2022-07-27 12:11:54,551] {local_task_job.py:273} INFO - 1 downstream tasks scheduled from follow-on schedule check
